# JRE version: Java(TM) SE Runtime Environment (8.0_161-b12) (build 1.8.0_161-b12)
# Java VM: Java HotSpot(TM) 64-Bit Server VM (25.161-b12 mixed mode windows-amd64 compressed oops)
Heap:
 PSYoungGen      total 928768K, used 464896K [0x000000076b000000, 0x00000007c0000000, 0x00000007c0000000)
  eden space 464896K, 100% used [0x000000076b000000,0x0000000787600000,0x0000000787600000)
  from space 463872K, 0% used [0x0000000787600000,0x0000000787600000,0x00000007a3b00000)
  to   space 463872K, 0% used [0x00000007a3b00000,0x00000007a3b00000,0x00000007c0000000)
 ParOldGen       total 2785280K, used 2785160K [0x00000006c1000000, 0x000000076b000000, 0x000000076b000000)
  object space 2785280K, 99% used [0x00000006c1000000,0x000000076afe2220,0x000000076b000000)
 Metaspace       used 15054K, capacity 15706K, committed 15872K, reserved 1062912K
  class space    used 2041K, capacity 2224K, committed 2304K, reserved 1048576K
GC Heap History (10 events):
Event: 19.834 GC heap after
Heap after GC invocations=19 (full 6):
 PSYoungGen      total 928768K, used 259450K [0x000000076b000000, 0x00000007c0000000, 0x00000007c0000000)
  eden space 464896K, 0% used [0x000000076b000000,0x000000076b000000,0x0000000787600000)
  from space 463872K, 55% used [0x0000000787600000,0x000000079735eb08,0x00000007a3b00000)
  to   space 463872K, 0% used [0x00000007a3b00000,0x00000007a3b00000,0x00000007c0000000)
 ParOldGen       total 2583040K, used 1832255K [0x00000006c1000000, 0x000000075ea80000, 0x000000076b000000)
  object space 2583040K, 70% used [0x00000006c1000000,0x0000000730d4fd30,0x000000075ea80000)
 Metaspace       used 15054K, capacity 15706K, committed 15872K, reserved 1062912K
  class space    used 2041K, capacity 2224K, committed 2304K, reserved 1048576K
}
Event: 20.546 GC heap before
{Heap before GC invocations=20 (full 6):
 PSYoungGen      total 928768K, used 724346K [0x000000076b000000, 0x00000007c0000000, 0x00000007c0000000)
  eden space 464896K, 100% used [0x000000076b000000,0x0000000787600000,0x0000000787600000)
  from space 463872K, 55% used [0x0000000787600000,0x000000079735eb08,0x00000007a3b00000)
  to   space 463872K, 0% used [0x00000007a3b00000,0x00000007a3b00000,0x00000007c0000000)
 ParOldGen       total 2583040K, used 1832255K [0x00000006c1000000, 0x000000075ea80000, 0x000000076b000000)
  object space 2583040K, 70% used [0x00000006c1000000,0x0000000730d4fd30,0x000000075ea80000)
 Metaspace       used 15054K, capacity 15706K, committed 15872K, reserved 1062912K
  class space    used 2041K, capacity 2224K, committed 2304K, reserved 1048576K
Event: 20.988 GC heap after
Heap after GC invocations=20 (full 6):
 PSYoungGen      total 928768K, used 423267K [0x000000076b000000, 0x00000007c0000000, 0x00000007c0000000)
  eden space 464896K, 0% used [0x000000076b000000,0x000000076b000000,0x0000000787600000)
  from space 463872K, 91% used [0x00000007a3b00000,0x00000007bd858e88,0x00000007c0000000)
  to   space 463872K, 0% used [0x0000000787600000,0x0000000787600000,0x00000007a3b00000)
 ParOldGen       total 2583040K, used 2024039K [0x00000006c1000000, 0x000000075ea80000, 0x000000076b000000)
  object space 2583040K, 78% used [0x00000006c1000000,0x000000073c899d30,0x000000075ea80000)
 Metaspace       used 15054K, capacity 15706K, committed 15872K, reserved 1062912K
  class space    used 2041K, capacity 2224K, committed 2304K, reserved 1048576K
}
Event: 21.926 GC heap before
{Heap before GC invocations=21 (full 6):
 PSYoungGen      total 928768K, used 888163K [0x000000076b000000, 0x00000007c0000000, 0x00000007c0000000)
  eden space 464896K, 100% used [0x000000076b000000,0x0000000787600000,0x0000000787600000)
  from space 463872K, 91% used [0x00000007a3b00000,0x00000007bd858e88,0x00000007c0000000)
  to   space 463872K, 0% used [0x0000000787600000,0x0000000787600000,0x00000007a3b00000)
 ParOldGen       total 2583040K, used 2024039K [0x00000006c1000000, 0x000000075ea80000, 0x000000076b000000)
  object space 2583040K, 78% used [0x00000006c1000000,0x000000073c899d30,0x000000075ea80000)
 Metaspace       used 15054K, capacity 15706K, committed 15872K, reserved 1062912K
  class space    used 2041K, capacity 2224K, committed 2304K, reserved 1048576K
Event: 22.651 GC heap after
Heap after GC invocations=21 (full 6):
 PSYoungGen      total 928768K, used 353103K [0x000000076b000000, 0x00000007c0000000, 0x00000007c0000000)
  eden space 464896K, 0% used [0x000000076b000000,0x000000076b000000,0x0000000787600000)
  from space 463872K, 76% used [0x0000000787600000,0x000000079ced3cb0,0x00000007a3b00000)
  to   space 463872K, 0% used [0x00000007a3b00000,0x00000007a3b00000,0x00000007c0000000)
 ParOldGen       total 2583040K, used 2441048K [0x00000006c1000000, 0x000000075ea80000, 0x000000076b000000)
  object space 2583040K, 94% used [0x00000006c1000000,0x0000000755fd6338,0x000000075ea80000)
 Metaspace       used 15054K, capacity 15706K, committed 15872K, reserved 1062912K
  class space    used 2041K, capacity 2224K, committed 2304K, reserved 1048576K
}
Event: 22.651 GC heap before
{Heap before GC invocations=22 (full 7):
 PSYoungGen      total 928768K, used 353103K [0x000000076b000000, 0x00000007c0000000, 0x00000007c0000000)
  eden space 464896K, 0% used [0x000000076b000000,0x000000076b000000,0x0000000787600000)
  from space 463872K, 76% used [0x0000000787600000,0x000000079ced3cb0,0x00000007a3b00000)
  to   space 463872K, 0% used [0x00000007a3b00000,0x00000007a3b00000,0x00000007c0000000)
 ParOldGen       total 2583040K, used 2441048K [0x00000006c1000000, 0x000000075ea80000, 0x000000076b000000)
  object space 2583040K, 94% used [0x00000006c1000000,0x0000000755fd6338,0x000000075ea80000)
 Metaspace       used 15054K, capacity 15706K, committed 15872K, reserved 1062912K
  class space    used 2041K, capacity 2224K, committed 2304K, reserved 1048576K
Event: 27.220 GC heap after
Heap after GC invocations=22 (full 7):
 PSYoungGen      total 928768K, used 109661K [0x000000076b000000, 0x00000007c0000000, 0x00000007c0000000)
  eden space 464896K, 0% used [0x000000076b000000,0x000000076b000000,0x0000000787600000)
  from space 463872K, 23% used [0x0000000787600000,0x000000078e117670,0x00000007a3b00000)
  to   space 463872K, 0% used [0x00000007a3b00000,0x00000007a3b00000,0x00000007c0000000)
 ParOldGen       total 2785280K, used 2582645K [0x00000006c1000000, 0x000000076b000000, 0x000000076b000000)
  object space 2785280K, 92% used [0x00000006c1000000,0x000000075ea1d620,0x000000076b000000)
 Metaspace       used 15054K, capacity 15706K, committed 15872K, reserved 1062912K
  class space    used 2041K, capacity 2224K, committed 2304K, reserved 1048576K
}
Event: 27.916 GC heap before
{Heap before GC invocations=23 (full 8):
 PSYoungGen      total 928768K, used 574557K [0x000000076b000000, 0x00000007c0000000, 0x00000007c0000000)
  eden space 464896K, 100% used [0x000000076b000000,0x0000000787600000,0x0000000787600000)
  from space 463872K, 23% used [0x0000000787600000,0x000000078e117670,0x00000007a3b00000)
  to   space 463872K, 0% used [0x00000007a3b00000,0x00000007a3b00000,0x00000007c0000000)
 ParOldGen       total 2785280K, used 2582645K [0x00000006c1000000, 0x000000076b000000, 0x000000076b000000)
  object space 2785280K, 92% used [0x00000006c1000000,0x000000075ea1d620,0x000000076b000000)
 Metaspace       used 15054K, capacity 15706K, committed 15872K, reserved 1062912K
  class space    used 2041K, capacity 2224K, committed 2304K, reserved 1048576K
Event: 30.409 GC heap after
Heap after GC invocations=23 (full 8):
 PSYoungGen      total 928768K, used 216949K [0x000000076b000000, 0x00000007c0000000, 0x00000007c0000000)
  eden space 464896K, 46% used [0x000000076b000000,0x00000007783dd610,0x0000000787600000)
  from space 463872K, 0% used [0x0000000787600000,0x0000000787600000,0x00000007a3b00000)
  to   space 463872K, 0% used [0x00000007a3b00000,0x00000007a3b00000,0x00000007c0000000)
 ParOldGen       total 2785280K, used 2785160K [0x00000006c1000000, 0x000000076b000000, 0x000000076b000000)
  object space 2785280K, 99% used [0x00000006c1000000,0x000000076afe2220,0x000000076b000000)
 Metaspace       used 15054K, capacity 15706K, committed 15872K, reserved 1062912K
  class space    used 2041K, capacity 2224K, committed 2304K, reserved 1048576K
}
Event: 30.781 GC heap before
{Heap before GC invocations=24 (full 9):
 PSYoungGen      total 928768K, used 464896K [0x000000076b000000, 0x00000007c0000000, 0x00000007c0000000)
  eden space 464896K, 100% used [0x000000076b000000,0x0000000787600000,0x0000000787600000)
  from space 463872K, 0% used [0x0000000787600000,0x0000000787600000,0x00000007a3b00000)
  to   space 463872K, 0% used [0x00000007a3b00000,0x00000007a3b00000,0x00000007c0000000)
 ParOldGen       total 2785280K, used 2785160K [0x00000006c1000000, 0x000000076b000000, 0x000000076b000000)
  object space 2785280K, 99% used [0x00000006c1000000,0x000000076afe2220,0x000000076b000000)
 Metaspace       used 15054K, capacity 15706K, committed 15872K, reserved 1062912K
  class space    used 2041K, capacity 2224K, committed 2304K, reserved 1048576K

